### 02 START 13:10:20 ###
  ...25 docs  | ner_types=7 chunks=3289
  ...50 docs  | ner_types=7 chunks=5208
  ...75 docs  | ner_types=7 chunks=6839
  ...100 docs  | ner_types=7 chunks=8028
  ...125 docs  | ner_types=7 chunks=9332
  ...150 docs  | ner_types=7 chunks=10323
  ...175 docs  | ner_types=7 chunks=11321
  ...200 docs  | ner_types=7 chunks=12231
  ...225 docs  | ner_types=7 chunks=13003
  ...250 docs  | ner_types=7 chunks=14130
  ...275 docs  | ner_types=7 chunks=15104
  ...300 docs  | ner_types=7 chunks=15930
  ...325 docs  | ner_types=7 chunks=16641
  ...350 docs  | ner_types=7 chunks=17374
  ...375 docs  | ner_types=7 chunks=18094
  ...400 docs  | ner_types=7 chunks=18822
  ...425 docs  | ner_types=7 chunks=19609
  ...450 docs  | ner_types=7 chunks=20283
  ...475 docs  | ner_types=7 chunks=20995
  ...500 docs  | ner_types=7 chunks=21825
  ...525 docs  | ner_types=7 chunks=22640
  ...550 docs  | ner_types=7 chunks=23242
  ...575 docs  | ner_types=7 chunks=23845
  ...600 docs  | ner_types=7 chunks=24677
  ...625 docs  | ner_types=7 chunks=25287
  ...650 docs  | ner_types=7 chunks=25923
  ...675 docs  | ner_types=7 chunks=26688
  ...700 docs  | ner_types=7 chunks=27551
  ...725 docs  | ner_types=7 chunks=28197
  ...750 docs  | ner_types=7 chunks=28670
  ...775 docs  | ner_types=7 chunks=29283
  ...800 docs  | ner_types=7 chunks=29911
  ...825 docs  | ner_types=7 chunks=30459
  ...850 docs  | ner_types=7 chunks=31138
  ...875 docs  | ner_types=7 chunks=31837
  ...900 docs  | ner_types=7 chunks=32355
  ...925 docs  | ner_types=7 chunks=32765
  ...950 docs  | ner_types=7 chunks=33297
  ...975 docs  | ner_types=7 chunks=33814
  ...1000 docs  | ner_types=7 chunks=34180
accumulation done: 1000 docs
clustering 6301 candidate noun-chunk heads...
Warning: You are sending unauthenticated requests to the HF Hub. Please set a HF_TOKEN to enable higher rate limits and faster downloads.
Loading weights:   0%|          | 0/103 [00:00<?, ?it/s]Loading weights: 100%|██████████| 103/103 [00:00<00:00, 7810.76it/s]
ENTITY-TYPE DISCOVERY
============================================================

A) Biomedical NER label inventory (scispaCy):
  187462  PROTEIN       e.g. antibodies, mabs, mab, il-6, monoclonal antibodies, cytokine
  100163  CHEMICAL      e.g. glucose, co2, ethanol, nacl, amino acid, sucrose
   65810  DISEASE       e.g. tumor, cancer, infection, tumors, death, inflammation
   45277  CELL_TYPE     e.g. macrophages, t cells, cancer cells, tumor cells, immune cells, microglia
   44867  DNA           e.g. chromatin, cdna, differentially expressed genes, cas9, genomic dna, plasmid
   36948  CELL_LINE     e.g. cell lines, tcm, dcs, hek293t cells, cell line, hipscs
    4237  RNA           e.g. mrna, mrnas, viral rna, 5′top mrnas, osk mrna, pou5f3 mrna

B) Emergent candidate types (noun-chunk clusters, k=25):
  [86036] ~that: that, number, they, solution, changes, note, response, medium
  [81076] ~analysis: analysis, results, studies, activity, study, methods, method, findings
  [57931] ~expression: expression, concentration, function, values, increase, rate, volume, size
  [50784] ~effects: effects, effect, efficacy, differences, potential, stability, ability, impact
  [47159] ~data: data, system, protocol, model, binding, table, software, models
  [40140] ~cells: cells, genes, pathway, pathways, mutations, gene, phenotype, cell
  [30465] ~role: role, production, authors, growth, efficiency, media, products, groups
  [29125] ~levels: levels, buffer, lines, formation, sections, progression, clusters, section
  [28843] ~staining: staining, materials, acid, reaction, preparation, mixture, molecules, reactions
  [27559] ~mechanisms: mechanisms, interactions, properties, structure, types, abstract, structures, synthesis
  [22537] ~mice: mice, plates, pellet, tissue, beads, tissues, animals, tubes
  [22392] ~samples: samples, experiments, signal, assays, detection, intensity, signals, sensitivity
  [21921] ~activation: activation, mechanism, proliferation, reduction, accumulation, degradation, procedure, overexpression
  [21480] ~antibodies: antibodies, antibody, apoptosis, infection, inflammation, macrophages, vaccines, virus
  [21222] ~proteins: proteins, protein, peptides, signaling, membrane, organoids, phosphorylation, membranes
  [18668] ~treatment: treatment, patients, inhibition, therapy, stress, disease, toxicity, death
  [15743] ~images: images, figure, markers, slides, imaging, exposure, figures, controls
  [12089] ~assay: assay, pmid, drugs, inhibitors, inhibitor, drug, injection, chromatography
  [11719] ~primers: primers, secretion, translation, nacl, qiagen, degs, titers, titer
  [11167] ~china: china, cultures, germany, area, regions, region, localization, state
  [10894] ~mabs: mabs, rrid, cdna, dmso, qpcr, tams, standard, pbmcs
  [10442] ~supernatant: supernatant, invitrogen, plasmids, supernatants, biolegend, thermofisher, millipore, cytiva
  [10124] ~sigma: sigma, elisa, fisher, pipette, wells, edta, candidates, sirna
  [ 6199] ~pmcid: pmcid, gibco, plasmid, abcam, blots, blot, foci, egfr
  [ 3012] ~nanoparticles: nanoparticles, microenvironment, nanocarriers, nanobodies, nanotechnology, nanovesicles, microtubules, nanomedicine

-> /Users/monika.a.solanki/development/kg-discovery/output/02_entities.json
### 03 START 14:07:20 ###
  ...25 docs | preds=486 triples=3864
  ...50 docs | preds=714 triples=6417
  ...75 docs | preds=841 triples=7960
  ...100 docs | preds=952 triples=9661
  ...125 docs | preds=1052 triples=10752
  ...150 docs | preds=1132 triples=12290
  ...175 docs | preds=1190 triples=13320
  ...200 docs | preds=1242 triples=14032
  ...225 docs | preds=1294 triples=14908
  ...250 docs | preds=1354 triples=15697
  ...275 docs | preds=1400 triples=16430
  ...300 docs | preds=1450 triples=17134
  ...325 docs | preds=1494 triples=17764
  ...350 docs | preds=1530 triples=18476
  ...375 docs | preds=1573 triples=19089
  ...400 docs | preds=1627 triples=19864
  ...425 docs | preds=1668 triples=20370
  ...450 docs | preds=1720 triples=20964
  ...475 docs | preds=1770 triples=21467
  ...500 docs | preds=1814 triples=21917
  ...525 docs | preds=1853 triples=22565
  ...550 docs | preds=1888 triples=23115
  ...575 docs | preds=1924 triples=23499
  ...600 docs | preds=1958 triples=24048
  ...625 docs | preds=1988 triples=24422
  ...650 docs | preds=2024 triples=24861
  ...675 docs | preds=2061 triples=25252
  ...700 docs | preds=2096 triples=25623
  ...725 docs | preds=2127 triples=25935
  ...750 docs | preds=2160 triples=26313
  ...775 docs | preds=2202 triples=26778
  ...800 docs | preds=2226 triples=27057
  ...825 docs | preds=2258 triples=27377
  ...850 docs | preds=2305 triples=27987
  ...875 docs | preds=2337 triples=28339
  ...900 docs | preds=2359 triples=28589
  ...925 docs | preds=2378 triples=28932
  ...950 docs | preds=2406 triples=29197
  ...975 docs | preds=2433 triples=29551
  ...1000 docs | preds=2455 triples=29805
accumulation done: 1000 docs
clustering 1715 predicate lemmas...
Warning: You are sending unauthenticated requests to the HF Hub. Please set a HF_TOKEN to enable higher rate limits and faster downloads.
Loading weights:   0%|          | 0/103 [00:00<?, ?it/s]Loading weights: 100%|██████████| 103/103 [00:00<00:00, 9426.84it/s]
RELATION-TYPE DISCOVERY
============================================================

Candidate relation types (clustered predicate lemmas):

  ~INDUCE  [freq 95157]
     predicates: induce, demonstrate, perform, promote, be, generate, contain, produce, involve, provide
     domain->range: CHEMICAL->PROTEIN(9970); PROTEIN->CHEMICAL(9954); DISEASE->PROTEIN(6268); PROTEIN->DISEASE(6261)
     e.g. To investigate the functional roles of Tbx3 during pancreatic development, adult pancreatic homeostasis, and pancreatic regeneration after injury, we here re-analyzed publicly available single-cell tr
     e.g. To investigate the functional roles of Tbx3 during pancreatic development, adult pancreatic homeostasis, and pancreatic regeneration after injury, we here re-analyzed publicly available single-cell tr

  ~SHOW  [freq 91114]
     predicates: show, have, find, result, suggest, report, confirm, cause, compare, test
     domain->range: CHEMICAL->PROTEIN(9577); PROTEIN->CHEMICAL(9564); PROTEIN->DISEASE(6046); DISEASE->PROTEIN(6040)
     e.g. We show that mSWI/SNF complex catalytic activity is essential for DNA accessibility at the ACE2 locus and ACE2 expression.
     e.g. We show that mSWI/SNF complex catalytic activity is essential for DNA accessibility at the ACE2 locus and ACE2 expression.

  ~USE  [freq 75157]
     predicates: use, express, associate, activate, obtain, purchase, require, form, contribute, represent
     domain->range: CHEMICAL->PROTEIN(8856); PROTEIN->CHEMICAL(8845); PROTEIN->DNA(4557); DNA->PROTEIN(4555)
     e.g. Three of the seven human coronaviruses including the severe acute respiratory syndrome (SARS)-related beta-coronaviruses (sarbecoviruses) SARS-CoV-1 and SARS-CoV-2, as well as the common cold coronavi
     e.g. Three of the seven human coronaviruses including the severe acute respiratory syndrome (SARS)-related beta-coronaviruses (sarbecoviruses) SARS-CoV-1 and SARS-CoV-2, as well as the common cold coronavi

  ~OBSERVE  [freq 74632]
     predicates: observe, identify, reveal, exhibit, detect, indicate, investigate, assess, analyze, examine
     domain->range: CHEMICAL->PROTEIN(7370); PROTEIN->CHEMICAL(7363); DISEASE->PROTEIN(4415); PROTEIN->DISEASE(4414)
     e.g. Importantly, we observed dose-dependent inhibition of SARS-CoV-2-induced cell death with Comp12 (half maximal inhibitory concentration (IC50) = 310 nM), whereas the cell death induced by MERS-CoV was 
     e.g. Importantly, we observed dose-dependent inhibition of SARS-CoV-2-induced cell death with Comp12 (half maximal inhibitory concentration (IC50) = 310 nM), whereas the cell death induced by MERS-CoV was 

  ~LEAD  [freq 39792]
     predicates: lead, bind, target, play, seed, block, drive, carry, serve, fuse
     domain->range: CHEMICAL->PROTEIN(4341); PROTEIN->CHEMICAL(4341); DISEASE->PROTEIN(2608); PROTEIN->DISEASE(2601)
     e.g. Although TBX3 is dispensable for proper pancreatic development, its absence leads to altered organ regeneration after induction of acute pancreatitis.
     e.g. Although TBX3 is dispensable for proper pancreatic development, its absence leads to altered organ regeneration after induction of acute pancreatitis.

  ~INHIBIT  [freq 37914]
     predicates: inhibit, regulate, affect, culture, improve, support, allow, conduct, prevent, influence
     domain->range: CHEMICAL->PROTEIN(4263); PROTEIN->CHEMICAL(4259); DISEASE->PROTEIN(2859); PROTEIN->DISEASE(2850)
     e.g. Similarly, inactivation of SMARCA4 and ARID1A, but not ARID2 or BRD9, inhibited SARS-CoV-2 pseudovirus entry (Extended Data Fig. 1d,e).
     e.g. Similarly, inactivation of SMARCA4 and ARID1A, but not ARID2 or BRD9, inhibited SARS-CoV-2 pseudovirus entry (Extended Data Fig. 1d,e).

  ~INCREASE  [freq 33281]
     predicates: increase, decrease, enhance, measure, quantify, grow, yield, expand, accumulate, normalize
     domain->range: CHEMICAL->PROTEIN(4107); PROTEIN->CHEMICAL(4102); DISEASE->PROTEIN(2110); PROTEIN->DISEASE(2101)
     e.g. Recent studies have revealed that ACE2 expression increases with age65, smoking66, infection67 and interferons67–69; however, the molecular mechanisms governing the dynamic regulation of ACE2 gene exp
     e.g. Recent studies have revealed that ACE2 expression increases with age65, smoking66, infection67 and interferons67–69; however, the molecular mechanisms governing the dynamic regulation of ACE2 gene exp

  ~REDUCE  [freq 25762]
     predicates: reduce, determine, evaluate, amplify, derive, calculate, differentiate, function, prove, convert
     domain->range: CHEMICAL->PROTEIN(2964); PROTEIN->CHEMICAL(2953); DISEASE->PROTEIN(1584); PROTEIN->DISEASE(1577)
     e.g. Inactivation of ARID2 and BRD9 did not reduce infection (Fig. 1b).
     e.g. Inactivation of ARID2 and BRD9 did not reduce infection (Fig. 1b).

  ~UPREGULATE  [freq 21589]
     predicates: upregulate, incubate, downregulate, mediate, attenuate, implicate, inject, impair, overexpresse, deplete
     domain->range: CHEMICAL->PROTEIN(2612); PROTEIN->CHEMICAL(2607); DISEASE->PROTEIN(1575); PROTEIN->DISEASE(1565)
     e.g. Tangeretin could upregulate protein expression of PI3K, AKT, JAK2, and VEGF significantly.
     e.g. Tangeretin could upregulate protein expression of PI3K, AKT, JAK2, and VEGF significantly.

  ~SUPPRESS  [freq 18840]
     predicates: suppress, remain, maintain, isolate, alter, wash, remove, dilute, disrupt, eliminate
     domain->range: CHEMICAL->PROTEIN(2274); PROTEIN->CHEMICAL(2270); DISEASE->PROTEIN(1022); PROTEIN->DISEASE(1022)
     e.g. Importantly, both rbm-39(S294L) and rnp-6(E161K) suppressed intron 8 retention (Extended Data Fig. 5a,c).
     e.g. Importantly, both rbm-39(S294L) and rnp-6(E161K) suppressed intron 8 retention (Extended Data Fig. 5a,c).

  ~INCLUDE  [freq 14872]
     predicates: include, consist, combine, comprise, divide, separate, colocalize, dissolve, sort, assemble
     domain->range: PROTEIN->CHEMICAL(2027); CHEMICAL->PROTEIN(2026); DNA->PROTEIN(1069); PROTEIN->DNA(1069)
     e.g. 2Top-ranked sites of ATPase-active BAF complex occupancy and DNA accessibility include ACE2.a, Immunoblot performed on nuclear extract (input) and anti-V5 immunoprecipitates from SMARCA4 knockout Vero
     e.g. 2Top-ranked sites of ATPase-active BAF complex occupancy and DNA accessibility include ACE2.a, Immunoblot performed on nuclear extract (input) and anti-V5 immunoprecipitates from SMARCA4 knockout Vero

  ~SYNTHESIZE  [freq 7932]
     predicates: synthesize, supplement, purify, catalyze, phosphorylate, digest, assay, hypothesize, potentiate, react
     domain->range: CHEMICAL->PROTEIN(1570); PROTEIN->CHEMICAL(1550); DNA->PROTEIN(445); PROTEIN->DNA(444)
     e.g. cDNA was synthesized from 24 µL RNA using SuperScript™ IV VILO™ Master Mix (Invitrogen, Paisley, UK) in a 48 μL volume, according to the manufacturer’s instructions.
     e.g. cDNA was synthesized from 24 µL RNA using SuperScript™ IV VILO™ Master Mix (Invitrogen, Paisley, UK) in a 48 μL volume, according to the manufacturer’s instructions.

  ~TREAT  [freq 7669]
     predicates: treat, transfecte, infect, immunize, immunostaine, cellsmagnololinhibite, immunoprecipitate, cytokinehas, co-immunoprecipitate, immunolabele
     domain->range: CHEMICAL->PROTEIN(899); PROTEIN->CHEMICAL(893); PROTEIN->CELL_LINE(510); CELL_LINE->PROTEIN(510)
     e.g. ## Host-cell protein quantitation Residual host-cell protein identification and quantification were conducted according to the published method.53 Briefly, an aliquot containing 1.0 mg protein of each
     e.g. ## Host-cell protein quantitation Residual host-cell protein identification and quantification were conducted according to the published method.53 Briefly, an aliquot containing 1.0 mg protein of each

  ~CORRELATE  [freq 7297]
     predicates: correlate, conjugate, abrogate, transduce, encapsulate, confer, complement, internalize, orchestrate, transport
     domain->range: CHEMICAL->PROTEIN(907); PROTEIN->CHEMICAL(901); DISEASE->PROTEIN(443); PROTEIN->DISEASE(440)
     e.g. Furthermore, the bacterial species enriched by TXD correlated with the improvement of constipation.
     e.g. Furthermore, the bacterial species enriched by TXD correlated with the improvement of constipation.

  ~ADD  [freq 6555]
     predicates: add, encode, al.62https://bioconductor.org/packages/release/bioc/html/phyloseq.htmlvegan, cellsscopoleinsuppresse, institutehttps://www.bioinformatics.babraham.ac.uk/projects/fastqc/multiqc, genotype, insertsmilliporepiep12r48taqman, mg)1.5%c, peg2000-c-dmgsirnaprotect, valueslabele
     domain->range: PROTEIN->CHEMICAL(1142); CHEMICAL->PROTEIN(1136); PROTEIN->DNA(522); DNA->PROTEIN(518)
     e.g. For Vero E6 and Huh7.5 cells, 5 µg ml−1 of puromycin (Gibco) and 5 µg ml−1 blasticidin (Gibco) were added as appropriate.
     e.g. For Vero E6 and Huh7.5 cells, 5 µg ml−1 of puromycin (Gibco) and 5 µg ml−1 blasticidin (Gibco) were added as appropriate.

  ~RESTORE  [freq 5645]
     predicates: restore, resuspend, reverse, recapitulate, repress, reconstitute, recover, remodel, augment, persist
     domain->range: PROTEIN->CHEMICAL(770); CHEMICAL->PROTEIN(769); DISEASE->PROTEIN(280); PROTEIN->DISEASE(280)
     e.g. PMCID: PMC10126011 PMID: 37095139 DOI: 10.1038/s41598-023-31543-6 Title: Development of anti-feline PD-1 antibody and its functional analysis Journal: Scientific Reports Year: 2023 Authors: Nishibori 
     e.g. PMCID: PMC10126011 PMID: 37095139 DOI: 10.1038/s41598-023-31543-6 Title: Development of anti-feline PD-1 antibody and its functional analysis Journal: Scientific Reports Year: 2023 Authors: Nishibori 

  ~SECRETE  [freq 5421]
     predicates: secrete, extract, cleave, lyse, mobilize, perturb, translate, microinjecte, utilise, evolve
     domain->range: CHEMICAL->PROTEIN(727); PROTEIN->CHEMICAL(725); CELL_TYPE->PROTEIN(371); PROTEIN->CELL_TYPE(370)
     e.g. Studies of NRICM101 have demonstrated multiple targeting mechanisms, including the blockade of the COVID-19 spike protein receptor-binding domain by binding to the host cell's ACE2 receptor and inhibi
     e.g. Studies of NRICM101 have demonstrated multiple targeting mechanisms, including the blockade of the COVID-19 spike protein receptor-binding domain by binding to the host cell's ACE2 receptor and inhibi

  ~CO-TRANSFECTE  [freq 1980]
     predicates: co-transfecte, co-culture, corroborate, co-expresse, co-localize, coculture, co-treate, co-purifie, co-transforme, co-transferre
     domain->range: DNA->PROTEIN(163); PROTEIN->DNA(163); CHEMICAL->PROTEIN(143); PROTEIN->CHEMICAL(143)
     e.g. Imaging CPC calcium transients in vivo were conducting by co-transfecting embryonic chick hearts with DNA constructs encoding the genetic calcium reporter, gCAMP6f, and a membrane-targeted RFP as desc
     e.g. Imaging CPC calcium transients in vivo were conducting by co-transfecting embryonic chick hearts with DNA constructs encoding the genetic calcium reporter, gCAMP6f, and a membrane-targeted RFP as desc

Top raw (type, predicate, type) triples:
  2935  (CHEMICAL) -[use]-> (PROTEIN)
  2932  (PROTEIN) -[use]-> (CHEMICAL)
  2183  (CHEMICAL) -[show]-> (PROTEIN)
  2178  (PROTEIN) -[show]-> (CHEMICAL)
  1372  (DISEASE) -[show]-> (PROTEIN)
  1372  (PROTEIN) -[show]-> (DISEASE)
  1275  (CHEMICAL) -[increase]-> (PROTEIN)
  1275  (PROTEIN) -[increase]-> (CHEMICAL)
  1262  (CHEMICAL) -[reduce]-> (PROTEIN)
  1262  (PROTEIN) -[reduce]-> (CHEMICAL)
  1193  (PROTEIN) -[use]-> (DNA)
  1193  (DNA) -[use]-> (PROTEIN)
  1117  (CELL_TYPE) -[express]-> (PROTEIN)
  1116  (CHEMICAL) -[include]-> (PROTEIN)
  1114  (PROTEIN) -[include]-> (CHEMICAL)
  1113  (PROTEIN) -[show]-> (DNA)
  1109  (DNA) -[show]-> (PROTEIN)
  1103  (PROTEIN) -[inhibit]-> (CHEMICAL)
  1101  (CHEMICAL) -[inhibit]-> (PROTEIN)
  1097  (PROTEIN) -[express]-> (CELL_TYPE)
  1064  (CELL_TYPE) -[show]-> (PROTEIN)
  1063  (PROTEIN) -[show]-> (CELL_TYPE)
  1032  (CHEMICAL) -[have]-> (PROTEIN)
  1032  (PROTEIN) -[have]-> (CHEMICAL)
  1007  (PROTEIN) -[show]-> (CELL_LINE)

-> /Users/monika.a.solanki/development/kg-discovery/output/03_relations.json
### ALL DONE 15:03:49 ###
