Resolved 73 packages in 475ms
Prepared 4 packages in 777ms
Installed 73 packages in 975ms
 + annotated-doc==0.0.4
 + annotated-types==0.7.0
 + anyio==4.13.0
 + blis==0.7.11
 + catalogue==2.0.10
 + certifi==2026.5.20
 + charset-normalizer==3.4.7
 + cloudpathlib==0.24.0
 + confection==0.1.5
 + conllu==6.0.0
 + cymem==2.0.13
 + en-core-sci-md==0.5.4 (from https://s3-us-west-2.amazonaws.com/ai2-s2-scispacy/releases/v0.5.4/en_core_sci_md-0.5.4.tar.gz)
 + en-ner-bc5cdr-md==0.5.4 (from https://s3-us-west-2.amazonaws.com/ai2-s2-scispacy/releases/v0.5.4/en_ner_bc5cdr_md-0.5.4.tar.gz)
 + en-ner-jnlpba-md==0.5.4 (from https://s3-us-west-2.amazonaws.com/ai2-s2-scispacy/releases/v0.5.4/en_ner_jnlpba_md-0.5.4.tar.gz)
 + filelock==3.29.1
 + fsspec==2026.4.0
 + h11==0.16.0
 + hf-xet==1.5.0
 + httpcore==1.0.9
 + httpx==0.28.1
 + huggingface-hub==1.16.1
 + idna==3.18
 + jinja2==3.1.6
 + joblib==1.5.3
 + langcodes==3.5.1
 + markdown-it-py==4.2.0
 + markupsafe==3.0.3
 + mdurl==0.1.2
 + mpmath==1.3.0
 + murmurhash==1.0.15
 + narwhals==2.22.1
 + networkx==3.6.1
 + nmslib-metabrainz==2.1.3
 + numpy==1.26.4
 + packaging==26.2
 + preshed==3.0.13
 + psutil==7.2.2
 + pybind11==3.0.4
 + pydantic==2.13.4
 + pydantic-core==2.46.4
 + pygments==2.20.0
 + pysbd==0.3.4
 + pyyaml==6.0.3
 + regex==2026.5.9
 + requests==2.34.2
 + rich==15.0.0
 + safetensors==0.7.0
 + scikit-learn==1.9.0
 + scipy==1.17.1
 + scispacy==0.6.2
 + sentence-transformers==5.5.1
 + setuptools==82.0.1
 + shellingham==1.5.4
 + smart-open==7.6.1
 + spacy==3.7.5
 + spacy-legacy==3.0.12
 + spacy-loggers==1.0.5
 + srsly==2.5.3
 + sympy==1.14.0
 + thinc==8.2.5
 + threadpoolctl==3.6.0
 + tokenizers==0.22.2
 + torch==2.10.0
 + tqdm==4.68.1
 + transformers==5.10.2
 + typer==0.26.7
 + typer-slim==0.24.0
 + typing-extensions==4.15.0
 + typing-inspection==0.4.2
 + urllib3==2.7.0
 + wasabi==1.1.3
 + weasel==0.4.3
 + wrapt==2.2.1
UV_EXIT=0
